<?xml version="1.0" encoding="UTF-8"?>
<testng-results total="1" passed="1" failed="0" skipped="0">
  <reporter-output>
  </reporter-output>
  <suite started-at="2022-01-29T13:51:30Z" name="Suite" finished-at="2022-01-29T13:51:43Z" duration-ms="12494">
    <groups>
    </groups>
    <test started-at="2022-01-29T13:51:30Z" name="Test" finished-at="2022-01-29T13:51:43Z" duration-ms="12494">
      <class name="testcases.TC002">
        <test-method signature="f()[pri:0, instance:testcases.TC002@24313fcc]" started-at="2022-01-29T13:51:30Z" name="f" finished-at="2022-01-29T13:51:43Z" duration-ms="12483" status="PASS">
          <reporter-output>
          </reporter-output>
        </test-method> <!-- f -->
      </class> <!-- testcases.TC002 -->
    </test> <!-- Test -->
  </suite> <!-- Suite -->
</testng-results>
